<?xml version="1.0" encoding="UTF-8"?>
<testsuites tests="7" failures="0" disabled="0" errors="0" time="0." timestamp="2026-05-26T07:13:37.323" name="AllTests">
  <testsuite name="MathFuncTest" tests="7" failures="0" disabled="0" skipped="0" errors="0" time="0." timestamp="2026-05-26T07:13:37.323">
    <testcase name="DescriminantBZeroCAboveZero" file="D:\Cpp\ArchitectureLearning\tests\mathFunc\testMathFunc.cpp" line="7" status="run" result="completed" time="0." timestamp="2026-05-26T07:13:37.323" classname="MathFuncTest" />
    <testcase name="DescriminantBZeroCBelowZero" file="D:\Cpp\ArchitectureLearning\tests\mathFunc\testMathFunc.cpp" line="15" status="run" result="completed" time="0." timestamp="2026-05-26T07:13:37.323" classname="MathFuncTest" />
    <testcase name="DescriminantBZeroCEqualZero" file="D:\Cpp\ArchitectureLearning\tests\mathFunc\testMathFunc.cpp" line="25" status="run" result="completed" time="0." timestamp="2026-05-26T07:13:37.323" classname="MathFuncTest" />
    <testcase name="DescriminantEqualZero" file="D:\Cpp\ArchitectureLearning\tests\mathFunc\testMathFunc.cpp" line="35" status="run" result="completed" time="0." timestamp="2026-05-26T07:13:37.323" classname="MathFuncTest" />
    <testcase name="DescriminantBelowZero" file="D:\Cpp\ArchitectureLearning\tests\mathFunc\testMathFunc.cpp" line="51" status="run" result="completed" time="0." timestamp="2026-05-26T07:13:37.323" classname="MathFuncTest" />
    <testcase name="DescriminantAboveZero" file="D:\Cpp\ArchitectureLearning\tests\mathFunc\testMathFunc.cpp" line="57" status="run" result="completed" time="0." timestamp="2026-05-26T07:13:37.323" classname="MathFuncTest" />
    <testcase name="DescriminantExceptionABellowZero" file="D:\Cpp\ArchitectureLearning\tests\mathFunc\testMathFunc.cpp" line="63" status="run" result="completed" time="0." timestamp="2026-05-26T07:13:37.323" classname="MathFuncTest" />
  </testsuite>
</testsuites>
